eeschema (22-Jun-2014 BZR 4027)-stable  >> Creation date: Seg 01 Mai 2017 15:15:10 -03
#Cmp ( order = Reference )
| Alimentação BARREL_JACK 
| D1         LED Emissor 
| D2         LED Receptor
| D3         LED Status  
| HT1        HT12E       
| POT        10K         
| R1         750k        
| R2         10K         
| R3         220         
| R4         220         
| RF         Tx          
| U1         LM358       
#End Cmp

#Componente ( ordenação = Valor )
| BARREL_JACK  Alimentação
| LED Emissor  D1        
| LED Receptor D2        
| LED Status   D3        
| HT12E        HT1       
| 10K          POT       
| 220          R3        
| 220          R4        
| 10K          R2        
| 750k         R1        
| Tx           RF        
| LM358        U1        
#Fim dos Componentes

#Fim da Lista
